[0.434s] DEBUG:colcon:Command line arguments: ['/usr/bin/colcon', 'build']
[0.434s] DEBUG:colcon:Parsed command line arguments: Namespace(log_base=None, log_level=None, verb_name='build', build_base='build', install_base='install', merge_install=False, symlink_install=False, test_result_base=None, continue_on_error=False, executor='parallel', parallel_workers=6, event_handlers=None, ignore_user_meta=False, metas=['./colcon.meta'], base_paths=['.'], packages_ignore=None, packages_ignore_regex=None, paths=None, packages_up_to=None, packages_up_to_regex=None, packages_above=None, packages_above_and_dependencies=None, packages_above_depth=None, packages_select_by_dep=None, packages_skip_by_dep=None, packages_skip_up_to=None, packages_select_build_failed=False, packages_skip_build_finished=False, packages_select_test_failures=False, packages_skip_test_passed=False, packages_select=None, packages_skip=None, packages_select_regex=None, packages_skip_regex=None, packages_start=None, packages_end=None, allow_overriding=[], cmake_args=None, cmake_target=None, cmake_target_skip_unavailable=False, cmake_clean_cache=False, cmake_clean_first=False, cmake_force_configure=False, ament_cmake_args=None, catkin_cmake_args=None, catkin_skip_building_tests=False, mixin_files=None, mixin=None, verb_parser=<colcon_mixin.mixin.mixin_argument.MixinArgumentDecorator object at 0x7de113d71c60>, verb_extension=<colcon_core.verb.build.BuildVerb object at 0x7de113d716f0>, main=<bound method BuildVerb.main of <colcon_core.verb.build.BuildVerb object at 0x7de113d716f0>>, mixin_verb=('build',))
[1.168s] Level 1:colcon.colcon_core.package_discovery:discover_packages(colcon_meta) check parameters
[1.169s] Level 1:colcon.colcon_core.package_discovery:discover_packages(recursive) check parameters
[1.169s] Level 1:colcon.colcon_core.package_discovery:discover_packages(ignore) check parameters
[1.169s] Level 1:colcon.colcon_core.package_discovery:discover_packages(path) check parameters
[1.169s] Level 1:colcon.colcon_core.package_discovery:discover_packages(colcon_meta) discover
[1.169s] Level 1:colcon.colcon_core.package_discovery:discover_packages(recursive) discover
[1.169s] INFO:colcon.colcon_core.package_discovery:Crawling recursively for packages in '/home/ros/robot_manipulator'
[1.169s] Level 1:colcon.colcon_core.package_identification:_identify(.) by extensions ['ignore', 'ignore_ament_install']
[1.169s] Level 1:colcon.colcon_core.package_identification:_identify(.) by extension 'ignore'
[1.169s] Level 1:colcon.colcon_core.package_identification:_identify(.) by extension 'ignore_ament_install'
[1.169s] Level 1:colcon.colcon_core.package_identification:_identify(.) by extensions ['colcon_pkg']
[1.169s] Level 1:colcon.colcon_core.package_identification:_identify(.) by extension 'colcon_pkg'
[1.169s] Level 1:colcon.colcon_core.package_identification:_identify(.) by extensions ['colcon_meta']
[1.169s] Level 1:colcon.colcon_core.package_identification:_identify(.) by extension 'colcon_meta'
[1.169s] Level 1:colcon.colcon_core.package_identification:_identify(.) by extensions ['ros']
[1.169s] Level 1:colcon.colcon_core.package_identification:_identify(.) by extension 'ros'
[1.198s] Level 1:colcon.colcon_core.package_identification:_identify(.) by extensions ['cmake', 'python']
[1.198s] Level 1:colcon.colcon_core.package_identification:_identify(.) by extension 'cmake'
[1.199s] Level 1:colcon.colcon_core.package_identification:_identify(.) by extension 'python'
[1.199s] Level 1:colcon.colcon_core.package_identification:_identify(.) by extensions ['python_setup_py']
[1.199s] Level 1:colcon.colcon_core.package_identification:_identify(.) by extension 'python_setup_py'
[1.201s] Level 1:colcon.colcon_core.package_identification:_identify(build) by extensions ['ignore', 'ignore_ament_install']
[1.201s] Level 1:colcon.colcon_core.package_identification:_identify(build) by extension 'ignore'
[1.201s] Level 1:colcon.colcon_core.package_identification:_identify(build) ignored
[1.201s] Level 1:colcon.colcon_core.package_identification:_identify(install) by extensions ['ignore', 'ignore_ament_install']
[1.201s] Level 1:colcon.colcon_core.package_identification:_identify(install) by extension 'ignore'
[1.201s] Level 1:colcon.colcon_core.package_identification:_identify(install) ignored
[1.201s] Level 1:colcon.colcon_core.package_identification:_identify(log) by extensions ['ignore', 'ignore_ament_install']
[1.201s] Level 1:colcon.colcon_core.package_identification:_identify(log) by extension 'ignore'
[1.201s] Level 1:colcon.colcon_core.package_identification:_identify(log) ignored
[1.202s] Level 1:colcon.colcon_core.package_identification:_identify(src) by extensions ['ignore', 'ignore_ament_install']
[1.202s] Level 1:colcon.colcon_core.package_identification:_identify(src) by extension 'ignore'
[1.202s] Level 1:colcon.colcon_core.package_identification:_identify(src) by extension 'ignore_ament_install'
[1.202s] Level 1:colcon.colcon_core.package_identification:_identify(src) by extensions ['colcon_pkg']
[1.202s] Level 1:colcon.colcon_core.package_identification:_identify(src) by extension 'colcon_pkg'
[1.202s] Level 1:colcon.colcon_core.package_identification:_identify(src) by extensions ['colcon_meta']
[1.202s] Level 1:colcon.colcon_core.package_identification:_identify(src) by extension 'colcon_meta'
[1.202s] Level 1:colcon.colcon_core.package_identification:_identify(src) by extensions ['ros']
[1.202s] Level 1:colcon.colcon_core.package_identification:_identify(src) by extension 'ros'
[1.202s] Level 1:colcon.colcon_core.package_identification:_identify(src) by extensions ['cmake', 'python']
[1.202s] Level 1:colcon.colcon_core.package_identification:_identify(src) by extension 'cmake'
[1.202s] Level 1:colcon.colcon_core.package_identification:_identify(src) by extension 'python'
[1.202s] Level 1:colcon.colcon_core.package_identification:_identify(src) by extensions ['python_setup_py']
[1.202s] Level 1:colcon.colcon_core.package_identification:_identify(src) by extension 'python_setup_py'
[1.202s] Level 1:colcon.colcon_core.package_identification:_identify(src/arm_urdf) by extensions ['ignore', 'ignore_ament_install']
[1.202s] Level 1:colcon.colcon_core.package_identification:_identify(src/arm_urdf) by extension 'ignore'
[1.202s] Level 1:colcon.colcon_core.package_identification:_identify(src/arm_urdf) by extension 'ignore_ament_install'
[1.202s] Level 1:colcon.colcon_core.package_identification:_identify(src/arm_urdf) by extensions ['colcon_pkg']
[1.202s] Level 1:colcon.colcon_core.package_identification:_identify(src/arm_urdf) by extension 'colcon_pkg'
[1.202s] Level 1:colcon.colcon_core.package_identification:_identify(src/arm_urdf) by extensions ['colcon_meta']
[1.202s] Level 1:colcon.colcon_core.package_identification:_identify(src/arm_urdf) by extension 'colcon_meta'
[1.202s] Level 1:colcon.colcon_core.package_identification:_identify(src/arm_urdf) by extensions ['ros']
[1.203s] Level 1:colcon.colcon_core.package_identification:_identify(src/arm_urdf) by extension 'ros'
[1.211s] DEBUG:colcon.colcon_core.package_identification:Package 'src/arm_urdf' with type 'ros.ament_cmake' and name 'arm_urdf'
[1.211s] Level 1:colcon.colcon_core.package_identification:_identify(src/robot_controller) by extensions ['ignore', 'ignore_ament_install']
[1.211s] Level 1:colcon.colcon_core.package_identification:_identify(src/robot_controller) by extension 'ignore'
[1.211s] Level 1:colcon.colcon_core.package_identification:_identify(src/robot_controller) by extension 'ignore_ament_install'
[1.211s] Level 1:colcon.colcon_core.package_identification:_identify(src/robot_controller) by extensions ['colcon_pkg']
[1.211s] Level 1:colcon.colcon_core.package_identification:_identify(src/robot_controller) by extension 'colcon_pkg'
[1.211s] Level 1:colcon.colcon_core.package_identification:_identify(src/robot_controller) by extensions ['colcon_meta']
[1.211s] Level 1:colcon.colcon_core.package_identification:_identify(src/robot_controller) by extension 'colcon_meta'
[1.211s] Level 1:colcon.colcon_core.package_identification:_identify(src/robot_controller) by extensions ['ros']
[1.211s] Level 1:colcon.colcon_core.package_identification:_identify(src/robot_controller) by extension 'ros'
[1.212s] DEBUG:colcon.colcon_core.package_identification:Package 'src/robot_controller' with type 'ros.ament_cmake' and name 'robot_controller'
[1.212s] Level 1:colcon.colcon_core.package_discovery:discover_packages(recursive) using defaults
[1.212s] Level 1:colcon.colcon_core.package_discovery:discover_packages(ignore) discover
[1.212s] Level 1:colcon.colcon_core.package_discovery:discover_packages(ignore) using defaults
[1.212s] Level 1:colcon.colcon_core.package_discovery:discover_packages(path) discover
[1.212s] Level 1:colcon.colcon_core.package_discovery:discover_packages(path) using defaults
[1.262s] Level 1:colcon.colcon_core.package_discovery:discover_packages(prefix_path) check parameters
[1.262s] Level 1:colcon.colcon_core.package_discovery:discover_packages(prefix_path) discover
[1.271s] DEBUG:colcon.colcon_installed_package_information.package_discovery:Found 2 installed packages in /home/ros/robot_manipulator/install
[1.272s] DEBUG:colcon.colcon_installed_package_information.package_discovery:Found 413 installed packages in /opt/ros/humble
[1.273s] Level 1:colcon.colcon_core.package_discovery:discover_packages(prefix_path) using defaults
[1.393s] Level 5:colcon.colcon_core.verb:set package 'arm_urdf' build argument 'cmake_args' from command line to 'None'
[1.393s] Level 5:colcon.colcon_core.verb:set package 'arm_urdf' build argument 'cmake_target' from command line to 'None'
[1.393s] Level 5:colcon.colcon_core.verb:set package 'arm_urdf' build argument 'cmake_target_skip_unavailable' from command line to 'False'
[1.393s] Level 5:colcon.colcon_core.verb:set package 'arm_urdf' build argument 'cmake_clean_cache' from command line to 'False'
[1.393s] Level 5:colcon.colcon_core.verb:set package 'arm_urdf' build argument 'cmake_clean_first' from command line to 'False'
[1.393s] Level 5:colcon.colcon_core.verb:set package 'arm_urdf' build argument 'cmake_force_configure' from command line to 'False'
[1.393s] Level 5:colcon.colcon_core.verb:set package 'arm_urdf' build argument 'ament_cmake_args' from command line to 'None'
[1.393s] Level 5:colcon.colcon_core.verb:set package 'arm_urdf' build argument 'catkin_cmake_args' from command line to 'None'
[1.393s] Level 5:colcon.colcon_core.verb:set package 'arm_urdf' build argument 'catkin_skip_building_tests' from command line to 'False'
[1.393s] DEBUG:colcon.colcon_core.verb:Building package 'arm_urdf' with the following arguments: {'ament_cmake_args': None, 'build_base': '/home/ros/robot_manipulator/build/arm_urdf', 'catkin_cmake_args': None, 'catkin_skip_building_tests': False, 'cmake_args': None, 'cmake_clean_cache': False, 'cmake_clean_first': False, 'cmake_force_configure': False, 'cmake_target': None, 'cmake_target_skip_unavailable': False, 'install_base': '/home/ros/robot_manipulator/install/arm_urdf', 'merge_install': False, 'path': '/home/ros/robot_manipulator/src/arm_urdf', 'symlink_install': False, 'test_result_base': None}
[1.393s] Level 5:colcon.colcon_core.verb:set package 'robot_controller' build argument 'cmake_args' from command line to 'None'
[1.393s] Level 5:colcon.colcon_core.verb:set package 'robot_controller' build argument 'cmake_target' from command line to 'None'
[1.393s] Level 5:colcon.colcon_core.verb:set package 'robot_controller' build argument 'cmake_target_skip_unavailable' from command line to 'False'
[1.393s] Level 5:colcon.colcon_core.verb:set package 'robot_controller' build argument 'cmake_clean_cache' from command line to 'False'
[1.393s] Level 5:colcon.colcon_core.verb:set package 'robot_controller' build argument 'cmake_clean_first' from command line to 'False'
[1.393s] Level 5:colcon.colcon_core.verb:set package 'robot_controller' build argument 'cmake_force_configure' from command line to 'False'
[1.393s] Level 5:colcon.colcon_core.verb:set package 'robot_controller' build argument 'ament_cmake_args' from command line to 'None'
[1.393s] Level 5:colcon.colcon_core.verb:set package 'robot_controller' build argument 'catkin_cmake_args' from command line to 'None'
[1.393s] Level 5:colcon.colcon_core.verb:set package 'robot_controller' build argument 'catkin_skip_building_tests' from command line to 'False'
[1.393s] DEBUG:colcon.colcon_core.verb:Building package 'robot_controller' with the following arguments: {'ament_cmake_args': None, 'build_base': '/home/ros/robot_manipulator/build/robot_controller', 'catkin_cmake_args': None, 'catkin_skip_building_tests': False, 'cmake_args': None, 'cmake_clean_cache': False, 'cmake_clean_first': False, 'cmake_force_configure': False, 'cmake_target': None, 'cmake_target_skip_unavailable': False, 'install_base': '/home/ros/robot_manipulator/install/robot_controller', 'merge_install': False, 'path': '/home/ros/robot_manipulator/src/robot_controller', 'symlink_install': False, 'test_result_base': None}
[1.393s] INFO:colcon.colcon_core.executor:Executing jobs using 'parallel' executor
[1.394s] DEBUG:colcon.colcon_parallel_executor.executor.parallel:run_until_complete
[1.394s] INFO:colcon.colcon_ros.task.ament_cmake.build:Building ROS package in '/home/ros/robot_manipulator/src/arm_urdf' with build type 'ament_cmake'
[1.394s] INFO:colcon.colcon_cmake.task.cmake.build:Building CMake package in '/home/ros/robot_manipulator/src/arm_urdf'
[1.407s] INFO:colcon.colcon_core.plugin_system:Skipping extension 'colcon_core.shell.bat': Not used on non-Windows systems
[1.407s] INFO:colcon.colcon_core.shell:Skip shell extension 'powershell' for command environment: Not usable outside of PowerShell
[1.407s] DEBUG:colcon.colcon_core.shell:Skip shell extension 'dsv' for command environment
[1.411s] INFO:colcon.colcon_ros.task.ament_cmake.build:Building ROS package in '/home/ros/robot_manipulator/src/robot_controller' with build type 'ament_cmake'
[1.411s] INFO:colcon.colcon_cmake.task.cmake.build:Building CMake package in '/home/ros/robot_manipulator/src/robot_controller'
[1.411s] INFO:colcon.colcon_core.shell:Skip shell extension 'powershell' for command environment: Not usable outside of PowerShell
[1.411s] DEBUG:colcon.colcon_core.shell:Skip shell extension 'dsv' for command environment
[1.417s] DEBUG:colcon.colcon_core.event_handler.log_command:Invoking command in '/home/ros/robot_manipulator/build/arm_urdf': CMAKE_PREFIX_PATH=${CMAKE_PREFIX_PATH}:/opt/ros/humble HISTTIMEFORMAT=%F %T /usr/bin/cmake --build /home/ros/robot_manipulator/build/arm_urdf -- -j6 -l6
[1.422s] DEBUG:colcon.colcon_core.event_handler.log_command:Invoking command in '/home/ros/robot_manipulator/build/robot_controller': CMAKE_PREFIX_PATH=${CMAKE_PREFIX_PATH}:/opt/ros/humble HISTTIMEFORMAT=%F %T /usr/bin/cmake --build /home/ros/robot_manipulator/build/robot_controller -- -j6 -l6
[1.701s] DEBUG:colcon.colcon_core.event_handler.log_command:Invoked command in '/home/ros/robot_manipulator/build/arm_urdf' returned '0': CMAKE_PREFIX_PATH=${CMAKE_PREFIX_PATH}:/opt/ros/humble HISTTIMEFORMAT=%F %T /usr/bin/cmake --build /home/ros/robot_manipulator/build/arm_urdf -- -j6 -l6
[1.702s] DEBUG:colcon.colcon_core.event_handler.log_command:Invoked command in '/home/ros/robot_manipulator/build/robot_controller' returned '0': CMAKE_PREFIX_PATH=${CMAKE_PREFIX_PATH}:/opt/ros/humble HISTTIMEFORMAT=%F %T /usr/bin/cmake --build /home/ros/robot_manipulator/build/robot_controller -- -j6 -l6
[1.720s] DEBUG:colcon.colcon_core.event_handler.log_command:Invoking command in '/home/ros/robot_manipulator/build/arm_urdf': CMAKE_PREFIX_PATH=${CMAKE_PREFIX_PATH}:/opt/ros/humble HISTTIMEFORMAT=%F %T /usr/bin/cmake --install /home/ros/robot_manipulator/build/arm_urdf
[1.721s] DEBUG:colcon.colcon_core.event_handler.log_command:Invoking command in '/home/ros/robot_manipulator/build/robot_controller': CMAKE_PREFIX_PATH=${CMAKE_PREFIX_PATH}:/opt/ros/humble HISTTIMEFORMAT=%F %T /usr/bin/cmake --install /home/ros/robot_manipulator/build/robot_controller
[1.745s] Level 1:colcon.colcon_core.environment:create_environment_scripts_only(robot_controller)
[1.745s] DEBUG:colcon.colcon_core.event_handler.log_command:Invoked command in '/home/ros/robot_manipulator/build/robot_controller' returned '0': CMAKE_PREFIX_PATH=${CMAKE_PREFIX_PATH}:/opt/ros/humble HISTTIMEFORMAT=%F %T /usr/bin/cmake --install /home/ros/robot_manipulator/build/robot_controller
[1.771s] Level 1:colcon.colcon_core.environment:checking '/home/ros/robot_manipulator/install/robot_controller' for CMake module files
[1.772s] Level 1:colcon.colcon_core.environment:checking '/home/ros/robot_manipulator/install/robot_controller' for CMake config files
[1.773s] Level 1:colcon.colcon_core.shell:create_environment_hook('robot_controller', 'cmake_prefix_path')
[1.774s] INFO:colcon.colcon_core.shell:Creating environment hook '/home/ros/robot_manipulator/install/robot_controller/share/robot_controller/hook/cmake_prefix_path.ps1'
[1.775s] INFO:colcon.colcon_core.shell:Creating environment descriptor '/home/ros/robot_manipulator/install/robot_controller/share/robot_controller/hook/cmake_prefix_path.dsv'
[1.777s] INFO:colcon.colcon_core.shell:Creating environment hook '/home/ros/robot_manipulator/install/robot_controller/share/robot_controller/hook/cmake_prefix_path.sh'
[1.778s] Level 1:colcon.colcon_core.environment:checking '/home/ros/robot_manipulator/install/robot_controller/bin'
[1.778s] Level 1:colcon.colcon_core.environment:checking '/home/ros/robot_manipulator/install/robot_controller/lib/pkgconfig/robot_controller.pc'
[1.778s] Level 1:colcon.colcon_core.environment:checking '/home/ros/robot_manipulator/install/robot_controller/lib/python3.10/site-packages'
[1.778s] Level 1:colcon.colcon_core.environment:checking '/home/ros/robot_manipulator/install/robot_controller/bin'
[1.778s] INFO:colcon.colcon_core.shell:Creating package script '/home/ros/robot_manipulator/install/robot_controller/share/robot_controller/package.ps1'
[1.779s] INFO:colcon.colcon_core.shell:Creating package descriptor '/home/ros/robot_manipulator/install/robot_controller/share/robot_controller/package.dsv'
[1.780s] INFO:colcon.colcon_core.shell:Creating package script '/home/ros/robot_manipulator/install/robot_controller/share/robot_controller/package.sh'
[1.781s] INFO:colcon.colcon_core.shell:Creating package script '/home/ros/robot_manipulator/install/robot_controller/share/robot_controller/package.bash'
[1.783s] INFO:colcon.colcon_core.shell:Creating package script '/home/ros/robot_manipulator/install/robot_controller/share/robot_controller/package.zsh'
[1.785s] Level 1:colcon.colcon_core.environment:create_file_with_runtime_dependencies(/home/ros/robot_manipulator/install/robot_controller/share/colcon-core/packages/robot_controller)
[1.787s] Level 1:colcon.colcon_core.environment:create_environment_scripts_only(arm_urdf)
[1.787s] DEBUG:colcon.colcon_core.event_handler.log_command:Invoked command in '/home/ros/robot_manipulator/build/arm_urdf' returned '0': CMAKE_PREFIX_PATH=${CMAKE_PREFIX_PATH}:/opt/ros/humble HISTTIMEFORMAT=%F %T /usr/bin/cmake --install /home/ros/robot_manipulator/build/arm_urdf
[1.787s] Level 1:colcon.colcon_core.environment:checking '/home/ros/robot_manipulator/install/arm_urdf' for CMake module files
[1.788s] Level 1:colcon.colcon_core.environment:checking '/home/ros/robot_manipulator/install/arm_urdf' for CMake config files
[1.789s] Level 1:colcon.colcon_core.shell:create_environment_hook('arm_urdf', 'cmake_prefix_path')
[1.789s] INFO:colcon.colcon_core.shell:Creating environment hook '/home/ros/robot_manipulator/install/arm_urdf/share/arm_urdf/hook/cmake_prefix_path.ps1'
[1.790s] INFO:colcon.colcon_core.shell:Creating environment descriptor '/home/ros/robot_manipulator/install/arm_urdf/share/arm_urdf/hook/cmake_prefix_path.dsv'
[1.790s] INFO:colcon.colcon_core.shell:Creating environment hook '/home/ros/robot_manipulator/install/arm_urdf/share/arm_urdf/hook/cmake_prefix_path.sh'
[1.791s] Level 1:colcon.colcon_core.environment:checking '/home/ros/robot_manipulator/install/arm_urdf/bin'
[1.791s] Level 1:colcon.colcon_core.environment:checking '/home/ros/robot_manipulator/install/arm_urdf/lib/pkgconfig/arm_urdf.pc'
[1.791s] Level 1:colcon.colcon_core.environment:checking '/home/ros/robot_manipulator/install/arm_urdf/lib/python3.10/site-packages'
[1.791s] Level 1:colcon.colcon_core.environment:checking '/home/ros/robot_manipulator/install/arm_urdf/bin'
[1.791s] INFO:colcon.colcon_core.shell:Creating package script '/home/ros/robot_manipulator/install/arm_urdf/share/arm_urdf/package.ps1'
[1.791s] INFO:colcon.colcon_core.shell:Creating package descriptor '/home/ros/robot_manipulator/install/arm_urdf/share/arm_urdf/package.dsv'
[1.792s] INFO:colcon.colcon_core.shell:Creating package script '/home/ros/robot_manipulator/install/arm_urdf/share/arm_urdf/package.sh'
[1.792s] INFO:colcon.colcon_core.shell:Creating package script '/home/ros/robot_manipulator/install/arm_urdf/share/arm_urdf/package.bash'
[1.792s] INFO:colcon.colcon_core.shell:Creating package script '/home/ros/robot_manipulator/install/arm_urdf/share/arm_urdf/package.zsh'
[1.792s] Level 1:colcon.colcon_core.environment:create_file_with_runtime_dependencies(/home/ros/robot_manipulator/install/arm_urdf/share/colcon-core/packages/arm_urdf)
[1.800s] Level 1:colcon.colcon_core.environment:create_environment_scripts_only(robot_controller)
[1.800s] Level 1:colcon.colcon_core.environment:checking '/home/ros/robot_manipulator/install/robot_controller' for CMake module files
[1.800s] Level 1:colcon.colcon_core.environment:checking '/home/ros/robot_manipulator/install/robot_controller' for CMake config files
[1.801s] Level 1:colcon.colcon_core.shell:create_environment_hook('robot_controller', 'cmake_prefix_path')
[1.801s] INFO:colcon.colcon_core.shell:Creating environment hook '/home/ros/robot_manipulator/install/robot_controller/share/robot_controller/hook/cmake_prefix_path.ps1'
[1.801s] INFO:colcon.colcon_core.shell:Creating environment descriptor '/home/ros/robot_manipulator/install/robot_controller/share/robot_controller/hook/cmake_prefix_path.dsv'
[1.801s] INFO:colcon.colcon_core.shell:Creating environment hook '/home/ros/robot_manipulator/install/robot_controller/share/robot_controller/hook/cmake_prefix_path.sh'
[1.802s] Level 1:colcon.colcon_core.environment:checking '/home/ros/robot_manipulator/install/robot_controller/bin'
[1.802s] Level 1:colcon.colcon_core.environment:checking '/home/ros/robot_manipulator/install/robot_controller/lib/pkgconfig/robot_controller.pc'
[1.802s] Level 1:colcon.colcon_core.environment:checking '/home/ros/robot_manipulator/install/robot_controller/lib/python3.10/site-packages'
[1.802s] Level 1:colcon.colcon_core.environment:checking '/home/ros/robot_manipulator/install/robot_controller/bin'
[1.802s] INFO:colcon.colcon_core.shell:Creating package script '/home/ros/robot_manipulator/install/robot_controller/share/robot_controller/package.ps1'
[1.802s] INFO:colcon.colcon_core.shell:Creating package descriptor '/home/ros/robot_manipulator/install/robot_controller/share/robot_controller/package.dsv'
[1.803s] INFO:colcon.colcon_core.shell:Creating package script '/home/ros/robot_manipulator/install/robot_controller/share/robot_controller/package.sh'
[1.803s] INFO:colcon.colcon_core.shell:Creating package script '/home/ros/robot_manipulator/install/robot_controller/share/robot_controller/package.bash'
[1.803s] INFO:colcon.colcon_core.shell:Creating package script '/home/ros/robot_manipulator/install/robot_controller/share/robot_controller/package.zsh'
[1.803s] Level 1:colcon.colcon_core.environment:create_file_with_runtime_dependencies(/home/ros/robot_manipulator/install/robot_controller/share/colcon-core/packages/robot_controller)
[1.805s] Level 1:colcon.colcon_core.environment:create_environment_scripts_only(arm_urdf)
[1.805s] Level 1:colcon.colcon_core.environment:checking '/home/ros/robot_manipulator/install/arm_urdf' for CMake module files
[1.806s] Level 1:colcon.colcon_core.environment:checking '/home/ros/robot_manipulator/install/arm_urdf' for CMake config files
[1.806s] Level 1:colcon.colcon_core.shell:create_environment_hook('arm_urdf', 'cmake_prefix_path')
[1.806s] INFO:colcon.colcon_core.shell:Creating environment hook '/home/ros/robot_manipulator/install/arm_urdf/share/arm_urdf/hook/cmake_prefix_path.ps1'
[1.806s] INFO:colcon.colcon_core.shell:Creating environment descriptor '/home/ros/robot_manipulator/install/arm_urdf/share/arm_urdf/hook/cmake_prefix_path.dsv'
[1.806s] INFO:colcon.colcon_core.shell:Creating environment hook '/home/ros/robot_manipulator/install/arm_urdf/share/arm_urdf/hook/cmake_prefix_path.sh'
[1.807s] Level 1:colcon.colcon_core.environment:checking '/home/ros/robot_manipulator/install/arm_urdf/bin'
[1.807s] Level 1:colcon.colcon_core.environment:checking '/home/ros/robot_manipulator/install/arm_urdf/lib/pkgconfig/arm_urdf.pc'
[1.807s] Level 1:colcon.colcon_core.environment:checking '/home/ros/robot_manipulator/install/arm_urdf/lib/python3.10/site-packages'
[1.807s] Level 1:colcon.colcon_core.environment:checking '/home/ros/robot_manipulator/install/arm_urdf/bin'
[1.807s] INFO:colcon.colcon_core.shell:Creating package script '/home/ros/robot_manipulator/install/arm_urdf/share/arm_urdf/package.ps1'
[1.808s] INFO:colcon.colcon_core.shell:Creating package descriptor '/home/ros/robot_manipulator/install/arm_urdf/share/arm_urdf/package.dsv'
[1.808s] INFO:colcon.colcon_core.shell:Creating package script '/home/ros/robot_manipulator/install/arm_urdf/share/arm_urdf/package.sh'
[1.808s] INFO:colcon.colcon_core.shell:Creating package script '/home/ros/robot_manipulator/install/arm_urdf/share/arm_urdf/package.bash'
[1.808s] INFO:colcon.colcon_core.shell:Creating package script '/home/ros/robot_manipulator/install/arm_urdf/share/arm_urdf/package.zsh'
[1.809s] Level 1:colcon.colcon_core.environment:create_file_with_runtime_dependencies(/home/ros/robot_manipulator/install/arm_urdf/share/colcon-core/packages/arm_urdf)
[1.809s] DEBUG:colcon.colcon_parallel_executor.executor.parallel:closing loop
[1.809s] DEBUG:colcon.colcon_parallel_executor.executor.parallel:loop closed
[1.809s] DEBUG:colcon.colcon_parallel_executor.executor.parallel:run_until_complete finished with '0'
[1.809s] DEBUG:colcon.colcon_core.event_reactor:joining thread
[1.821s] INFO:colcon.colcon_core.plugin_system:Skipping extension 'colcon_notification.desktop_notification.terminal_notifier': Not used on non-Darwin systems
[1.821s] INFO:colcon.colcon_core.plugin_system:Skipping extension 'colcon_notification.desktop_notification.win32': Not used on non-Windows systems
[1.821s] INFO:colcon.colcon_notification.desktop_notification:Sending desktop notification using 'notify2'
[1.840s] DEBUG:colcon.colcon_core.event_reactor:joined thread
[1.840s] INFO:colcon.colcon_core.shell:Creating prefix script '/home/ros/robot_manipulator/install/local_setup.ps1'
[1.842s] INFO:colcon.colcon_core.shell:Creating prefix util module '/home/ros/robot_manipulator/install/_local_setup_util_ps1.py'
[1.846s] INFO:colcon.colcon_core.shell:Creating prefix chain script '/home/ros/robot_manipulator/install/setup.ps1'
[1.848s] INFO:colcon.colcon_core.shell:Creating prefix script '/home/ros/robot_manipulator/install/local_setup.sh'
[1.849s] INFO:colcon.colcon_core.shell:Creating prefix util module '/home/ros/robot_manipulator/install/_local_setup_util_sh.py'
[1.850s] INFO:colcon.colcon_core.shell:Creating prefix chain script '/home/ros/robot_manipulator/install/setup.sh'
[1.855s] INFO:colcon.colcon_core.shell:Creating prefix script '/home/ros/robot_manipulator/install/local_setup.bash'
[1.858s] INFO:colcon.colcon_core.shell:Creating prefix chain script '/home/ros/robot_manipulator/install/setup.bash'
[1.860s] INFO:colcon.colcon_core.shell:Creating prefix script '/home/ros/robot_manipulator/install/local_setup.zsh'
[1.861s] INFO:colcon.colcon_core.shell:Creating prefix chain script '/home/ros/robot_manipulator/install/setup.zsh'
