[0.011s] Invoking command in '/home/ros/robot_manipulator/build/robot_controller': CMAKE_PREFIX_PATH=${CMAKE_PREFIX_PATH}:/opt/ros/humble HISTTIMEFORMAT=%F %T /usr/bin/cmake --build /home/ros/robot_manipulator/build/robot_controller -- -j6 -l6
[0.291s] Invoked command in '/home/ros/robot_manipulator/build/robot_controller' returned '0': CMAKE_PREFIX_PATH=${CMAKE_PREFIX_PATH}:/opt/ros/humble HISTTIMEFORMAT=%F %T /usr/bin/cmake --build /home/ros/robot_manipulator/build/robot_controller -- -j6 -l6
[0.310s] Invoking command in '/home/ros/robot_manipulator/build/robot_controller': CMAKE_PREFIX_PATH=${CMAKE_PREFIX_PATH}:/opt/ros/humble HISTTIMEFORMAT=%F %T /usr/bin/cmake --install /home/ros/robot_manipulator/build/robot_controller
[0.317s] -- Install configuration: ""
[0.319s] -- Up-to-date: /home/ros/robot_manipulator/install/robot_controller/share/robot_controller/config
[0.319s] -- Installing: /home/ros/robot_manipulator/install/robot_controller/share/robot_controller/config/robot_controller.yaml
[0.323s] -- Up-to-date: /home/ros/robot_manipulator/install/robot_controller/share/robot_controller/launch
[0.325s] -- Up-to-date: /home/ros/robot_manipulator/install/robot_controller/share/robot_controller/launch/controller.launch.py
[0.325s] -- Up-to-date: /home/ros/robot_manipulator/install/robot_controller/share/ament_index/resource_index/package_run_dependencies/robot_controller
[0.328s] -- Up-to-date: /home/ros/robot_manipulator/install/robot_controller/share/ament_index/resource_index/parent_prefix_path/robot_controller
[0.328s] -- Up-to-date: /home/ros/robot_manipulator/install/robot_controller/share/robot_controller/environment/ament_prefix_path.sh
[0.328s] -- Up-to-date: /home/ros/robot_manipulator/install/robot_controller/share/robot_controller/environment/ament_prefix_path.dsv
[0.328s] -- Up-to-date: /home/ros/robot_manipulator/install/robot_controller/share/robot_controller/environment/path.sh
[0.328s] -- Up-to-date: /home/ros/robot_manipulator/install/robot_controller/share/robot_controller/environment/path.dsv
[0.329s] -- Up-to-date: /home/ros/robot_manipulator/install/robot_controller/share/robot_controller/local_setup.bash
[0.329s] -- Up-to-date: /home/ros/robot_manipulator/install/robot_controller/share/robot_controller/local_setup.sh
[0.329s] -- Up-to-date: /home/ros/robot_manipulator/install/robot_controller/share/robot_controller/local_setup.zsh
[0.329s] -- Up-to-date: /home/ros/robot_manipulator/install/robot_controller/share/robot_controller/local_setup.dsv
[0.329s] -- Installing: /home/ros/robot_manipulator/install/robot_controller/share/robot_controller/package.dsv
[0.331s] -- Up-to-date: /home/ros/robot_manipulator/install/robot_controller/share/ament_index/resource_index/packages/robot_controller
[0.333s] -- Up-to-date: /home/ros/robot_manipulator/install/robot_controller/share/robot_controller/cmake/robot_controllerConfig.cmake
[0.333s] -- Up-to-date: /home/ros/robot_manipulator/install/robot_controller/share/robot_controller/cmake/robot_controllerConfig-version.cmake
[0.333s] -- Up-to-date: /home/ros/robot_manipulator/install/robot_controller/share/robot_controller/package.xml
[0.334s] Invoked command in '/home/ros/robot_manipulator/build/robot_controller' returned '0': CMAKE_PREFIX_PATH=${CMAKE_PREFIX_PATH}:/opt/ros/humble HISTTIMEFORMAT=%F %T /usr/bin/cmake --install /home/ros/robot_manipulator/build/robot_controller
