-- Install configuration: ""
-- Up-to-date: /home/ros/robot_manipulator/install/arm_urdf/share/arm_urdf/meshes
-- Up-to-date: /home/ros/robot_manipulator/install/arm_urdf/share/arm_urdf/meshes/base.stl
-- Up-to-date: /home/ros/robot_manipulator/install/arm_urdf/share/arm_urdf/meshes/gripper_link_2.stl
-- Up-to-date: /home/ros/robot_manipulator/install/arm_urdf/share/arm_urdf/meshes/arm_3.stl
-- Up-to-date: /home/ros/robot_manipulator/install/arm_urdf/share/arm_urdf/meshes/gripper_link.stl
-- Up-to-date: /home/ros/robot_manipulator/install/arm_urdf/share/arm_urdf/meshes/robot_shoulder.stl
-- Up-to-date: /home/ros/robot_manipulator/install/arm_urdf/share/arm_urdf/meshes/arm_2.stl
-- Up-to-date: /home/ros/robot_manipulator/install/arm_urdf/share/arm_urdf/meshes/gripper_base.stl
-- Up-to-date: /home/ros/robot_manipulator/install/arm_urdf/share/arm_urdf/meshes/arm_1.stl
-- Up-to-date: /home/ros/robot_manipulator/install/arm_urdf/share/arm_urdf/urdf
-- Up-to-date: /home/ros/robot_manipulator/install/arm_urdf/share/arm_urdf/urdf/common_properties.xacro
-- Up-to-date: /home/ros/robot_manipulator/install/arm_urdf/share/arm_urdf/urdf/robot_ros2_control.xacro
-- Up-to-date: /home/ros/robot_manipulator/install/arm_urdf/share/arm_urdf/urdf/robot_gazebo.xacro
-- Up-to-date: /home/ros/robot_manipulator/install/arm_urdf/share/arm_urdf/urdf/arm.urdf.xacro
-- Up-to-date: /home/ros/robot_manipulator/install/arm_urdf/share/arm_urdf/launch
-- Up-to-date: /home/ros/robot_manipulator/install/arm_urdf/share/arm_urdf/launch/model.launch.py
-- Up-to-date: /home/ros/robot_manipulator/install/arm_urdf/share/arm_urdf/launch/gazebo_servo.launch.py
-- Up-to-date: /home/ros/robot_manipulator/install/arm_urdf/share/arm_urdf/launch/build
-- Up-to-date: /home/ros/robot_manipulator/install/arm_urdf/share/arm_urdf/launch/build/COLCON_IGNORE
-- Up-to-date: /home/ros/robot_manipulator/install/arm_urdf/share/arm_urdf/launch/build/.built_by
-- Up-to-date: /home/ros/robot_manipulator/install/arm_urdf/share/arm_urdf/launch/log
-- Up-to-date: /home/ros/robot_manipulator/install/arm_urdf/share/arm_urdf/launch/log/COLCON_IGNORE
-- Up-to-date: /home/ros/robot_manipulator/install/arm_urdf/share/arm_urdf/launch/log/build_2025-03-05_13-58-10
-- Up-to-date: /home/ros/robot_manipulator/install/arm_urdf/share/arm_urdf/launch/log/build_2025-03-05_13-58-10/events.log
-- Up-to-date: /home/ros/robot_manipulator/install/arm_urdf/share/arm_urdf/launch/log/build_2025-03-05_13-58-10/logger_all.log
-- Up-to-date: /home/ros/robot_manipulator/install/arm_urdf/share/arm_urdf/launch/log/build_2025-03-05_13-58-23
-- Up-to-date: /home/ros/robot_manipulator/install/arm_urdf/share/arm_urdf/launch/log/build_2025-03-05_13-58-23/events.log
-- Up-to-date: /home/ros/robot_manipulator/install/arm_urdf/share/arm_urdf/launch/log/build_2025-03-05_13-58-23/logger_all.log
-- Up-to-date: /home/ros/robot_manipulator/install/arm_urdf/share/arm_urdf/launch/log/latest
-- Up-to-date: /home/ros/robot_manipulator/install/arm_urdf/share/arm_urdf/launch/log/build_2025-03-05_13-56-25
-- Up-to-date: /home/ros/robot_manipulator/install/arm_urdf/share/arm_urdf/launch/log/build_2025-03-05_13-56-25/events.log
-- Up-to-date: /home/ros/robot_manipulator/install/arm_urdf/share/arm_urdf/launch/log/build_2025-03-05_13-56-25/logger_all.log
-- Up-to-date: /home/ros/robot_manipulator/install/arm_urdf/share/arm_urdf/launch/log/latest_build
-- Up-to-date: /home/ros/robot_manipulator/install/arm_urdf/share/arm_urdf/launch/__pycache__
-- Up-to-date: /home/ros/robot_manipulator/install/arm_urdf/share/arm_urdf/launch/__pycache__/urdf.launch.cpython-310.pyc
-- Up-to-date: /home/ros/robot_manipulator/install/arm_urdf/share/arm_urdf/launch/__pycache__/gazebo.launch.cpython-310.pyc
-- Up-to-date: /home/ros/robot_manipulator/install/arm_urdf/share/arm_urdf/launch/install
-- Up-to-date: /home/ros/robot_manipulator/install/arm_urdf/share/arm_urdf/launch/install/COLCON_IGNORE
-- Up-to-date: /home/ros/robot_manipulator/install/arm_urdf/share/arm_urdf/launch/install/local_setup.bash
-- Up-to-date: /home/ros/robot_manipulator/install/arm_urdf/share/arm_urdf/launch/install/_local_setup_util_sh.py
-- Up-to-date: /home/ros/robot_manipulator/install/arm_urdf/share/arm_urdf/launch/install/setup.zsh
-- Up-to-date: /home/ros/robot_manipulator/install/arm_urdf/share/arm_urdf/launch/install/local_setup.sh
-- Up-to-date: /home/ros/robot_manipulator/install/arm_urdf/share/arm_urdf/launch/install/.colcon_install_layout
-- Up-to-date: /home/ros/robot_manipulator/install/arm_urdf/share/arm_urdf/launch/install/local_setup.ps1
-- Up-to-date: /home/ros/robot_manipulator/install/arm_urdf/share/arm_urdf/launch/install/setup.ps1
-- Up-to-date: /home/ros/robot_manipulator/install/arm_urdf/share/arm_urdf/launch/install/_local_setup_util_ps1.py
-- Up-to-date: /home/ros/robot_manipulator/install/arm_urdf/share/arm_urdf/launch/install/local_setup.zsh
-- Up-to-date: /home/ros/robot_manipulator/install/arm_urdf/share/arm_urdf/launch/install/setup.bash
-- Up-to-date: /home/ros/robot_manipulator/install/arm_urdf/share/arm_urdf/launch/install/setup.sh
-- Up-to-date: /home/ros/robot_manipulator/install/arm_urdf/share/ament_index/resource_index/package_run_dependencies/arm_urdf
-- Up-to-date: /home/ros/robot_manipulator/install/arm_urdf/share/ament_index/resource_index/parent_prefix_path/arm_urdf
-- Up-to-date: /home/ros/robot_manipulator/install/arm_urdf/share/arm_urdf/environment/ament_prefix_path.sh
-- Up-to-date: /home/ros/robot_manipulator/install/arm_urdf/share/arm_urdf/environment/ament_prefix_path.dsv
-- Up-to-date: /home/ros/robot_manipulator/install/arm_urdf/share/arm_urdf/environment/path.sh
-- Up-to-date: /home/ros/robot_manipulator/install/arm_urdf/share/arm_urdf/environment/path.dsv
-- Up-to-date: /home/ros/robot_manipulator/install/arm_urdf/share/arm_urdf/local_setup.bash
-- Up-to-date: /home/ros/robot_manipulator/install/arm_urdf/share/arm_urdf/local_setup.sh
-- Up-to-date: /home/ros/robot_manipulator/install/arm_urdf/share/arm_urdf/local_setup.zsh
-- Up-to-date: /home/ros/robot_manipulator/install/arm_urdf/share/arm_urdf/local_setup.dsv
-- Installing: /home/ros/robot_manipulator/install/arm_urdf/share/arm_urdf/package.dsv
-- Up-to-date: /home/ros/robot_manipulator/install/arm_urdf/share/ament_index/resource_index/packages/arm_urdf
-- Up-to-date: /home/ros/robot_manipulator/install/arm_urdf/share/arm_urdf/cmake/arm_urdfConfig.cmake
-- Up-to-date: /home/ros/robot_manipulator/install/arm_urdf/share/arm_urdf/cmake/arm_urdfConfig-version.cmake
-- Up-to-date: /home/ros/robot_manipulator/install/arm_urdf/share/arm_urdf/package.xml
