[0.010s] Invoking command in '/home/ros/robot_manipulator/build/robot_controller': CMAKE_PREFIX_PATH=${CMAKE_PREFIX_PATH}:/opt/ros/humble HISTTIMEFORMAT=%F %T /usr/bin/cmake /home/ros/robot_manipulator/src/robot_controller -DCMAKE_INSTALL_PREFIX=/home/ros/robot_manipulator/install/robot_controller
[0.806s] -- The C compiler identification is GNU 11.4.0
[1.332s] -- The CXX compiler identification is GNU 11.4.0
[1.340s] -- Detecting C compiler ABI info
[1.433s] -- Detecting C compiler ABI info - done
[1.437s] -- Check for working C compiler: /usr/bin/cc - skipped
[1.438s] -- Detecting C compile features
[1.438s] -- Detecting C compile features - done
[1.440s] -- Detecting CXX compiler ABI info
[1.521s] -- Detecting CXX compiler ABI info - done
[1.523s] -- Check for working CXX compiler: /usr/bin/c++ - skipped
[1.524s] -- Detecting CXX compile features
[1.524s] -- Detecting CXX compile features - done
[1.540s] -- Found ament_cmake: 1.3.9 (/opt/ros/humble/share/ament_cmake/cmake)
[1.658s] -- Found Python3: /usr/bin/python3 (found version "3.10.12") found components: Interpreter 
[1.726s] -- Found ament_lint_auto: 0.12.11 (/opt/ros/humble/share/ament_lint_auto/cmake)
[1.786s] -- Added test 'flake8' to check Python code syntax and style conventions
[1.787s] -- Added test 'lint_cmake' to check CMake code style
[1.787s] -- Added test 'pep257' to check Python code against some of the docstring style conventions in PEP 257
[1.788s] -- Added test 'xmllint' to check XML markup files
[1.789s] -- Configuring done
[1.791s] -- Generating done
[1.791s] -- Build files have been written to: /home/ros/robot_manipulator/build/robot_controller
[1.795s] Invoked command in '/home/ros/robot_manipulator/build/robot_controller' returned '0': CMAKE_PREFIX_PATH=${CMAKE_PREFIX_PATH}:/opt/ros/humble HISTTIMEFORMAT=%F %T /usr/bin/cmake /home/ros/robot_manipulator/src/robot_controller -DCMAKE_INSTALL_PREFIX=/home/ros/robot_manipulator/install/robot_controller
[1.795s] Invoking command in '/home/ros/robot_manipulator/build/robot_controller': CMAKE_PREFIX_PATH=${CMAKE_PREFIX_PATH}:/opt/ros/humble HISTTIMEFORMAT=%F %T /usr/bin/cmake --build /home/ros/robot_manipulator/build/robot_controller -- -j6 -l6
[1.819s] Invoked command in '/home/ros/robot_manipulator/build/robot_controller' returned '0': CMAKE_PREFIX_PATH=${CMAKE_PREFIX_PATH}:/opt/ros/humble HISTTIMEFORMAT=%F %T /usr/bin/cmake --build /home/ros/robot_manipulator/build/robot_controller -- -j6 -l6
[1.837s] Invoking command in '/home/ros/robot_manipulator/build/robot_controller': CMAKE_PREFIX_PATH=${CMAKE_PREFIX_PATH}:/opt/ros/humble HISTTIMEFORMAT=%F %T /usr/bin/cmake --install /home/ros/robot_manipulator/build/robot_controller
[1.841s] -- Install configuration: ""
[1.841s] -- Installing: /home/ros/robot_manipulator/install/robot_controller/share/robot_controller/config
[1.841s] -- Installing: /home/ros/robot_manipulator/install/robot_controller/share/robot_controller/config/robot_controller.yaml
[1.842s] -- Installing: /home/ros/robot_manipulator/install/robot_controller/share/robot_controller/launch
[1.842s] -- Installing: /home/ros/robot_manipulator/install/robot_controller/share/robot_controller/launch/controller.launch.py
[1.842s] -- Installing: /home/ros/robot_manipulator/install/robot_controller/share/ament_index/resource_index/package_run_dependencies/robot_controller
[1.842s] -- Installing: /home/ros/robot_manipulator/install/robot_controller/share/ament_index/resource_index/parent_prefix_path/robot_controller
[1.842s] -- Installing: /home/ros/robot_manipulator/install/robot_controller/share/robot_controller/environment/ament_prefix_path.sh
[1.842s] -- Installing: /home/ros/robot_manipulator/install/robot_controller/share/robot_controller/environment/ament_prefix_path.dsv
[1.843s] -- Installing: /home/ros/robot_manipulator/install/robot_controller/share/robot_controller/environment/path.sh
[1.843s] -- Installing: /home/ros/robot_manipulator/install/robot_controller/share/robot_controller/environment/path.dsv
[1.843s] -- Installing: /home/ros/robot_manipulator/install/robot_controller/share/robot_controller/local_setup.bash
[1.843s] -- Installing: /home/ros/robot_manipulator/install/robot_controller/share/robot_controller/local_setup.sh
[1.843s] -- Installing: /home/ros/robot_manipulator/install/robot_controller/share/robot_controller/local_setup.zsh
[1.843s] -- Installing: /home/ros/robot_manipulator/install/robot_controller/share/robot_controller/local_setup.dsv
[1.843s] -- Installing: /home/ros/robot_manipulator/install/robot_controller/share/robot_controller/package.dsv
[1.843s] -- Installing: /home/ros/robot_manipulator/install/robot_controller/share/ament_index/resource_index/packages/robot_controller
[1.843s] -- Installing: /home/ros/robot_manipulator/install/robot_controller/share/robot_controller/cmake/robot_controllerConfig.cmake
[1.843s] -- Installing: /home/ros/robot_manipulator/install/robot_controller/share/robot_controller/cmake/robot_controllerConfig-version.cmake
[1.843s] -- Installing: /home/ros/robot_manipulator/install/robot_controller/share/robot_controller/package.xml
[1.844s] Invoked command in '/home/ros/robot_manipulator/build/robot_controller' returned '0': CMAKE_PREFIX_PATH=${CMAKE_PREFIX_PATH}:/opt/ros/humble HISTTIMEFORMAT=%F %T /usr/bin/cmake --install /home/ros/robot_manipulator/build/robot_controller
