[0.022s] Invoking command in '/home/ros/robot_manipulator/build/arm_urdf': CMAKE_PREFIX_PATH=${CMAKE_PREFIX_PATH}:/opt/ros/humble HISTTIMEFORMAT=%F %T /usr/bin/cmake --build /home/ros/robot_manipulator/build/arm_urdf -- -j6 -l6
[0.307s] Invoked command in '/home/ros/robot_manipulator/build/arm_urdf' returned '0': CMAKE_PREFIX_PATH=${CMAKE_PREFIX_PATH}:/opt/ros/humble HISTTIMEFORMAT=%F %T /usr/bin/cmake --build /home/ros/robot_manipulator/build/arm_urdf -- -j6 -l6
[0.325s] Invoking command in '/home/ros/robot_manipulator/build/arm_urdf': CMAKE_PREFIX_PATH=${CMAKE_PREFIX_PATH}:/opt/ros/humble HISTTIMEFORMAT=%F %T /usr/bin/cmake --install /home/ros/robot_manipulator/build/arm_urdf
[0.333s] -- Install configuration: ""
[0.335s] -- Up-to-date: /home/ros/robot_manipulator/install/arm_urdf/share/arm_urdf/meshes
[0.342s] -- Up-to-date: /home/ros/robot_manipulator/install/arm_urdf/share/arm_urdf/meshes/base.stl
[0.342s] -- Up-to-date: /home/ros/robot_manipulator/install/arm_urdf/share/arm_urdf/meshes/gripper_link_2.stl
[0.342s] -- Up-to-date: /home/ros/robot_manipulator/install/arm_urdf/share/arm_urdf/meshes/arm_3.stl
[0.342s] -- Up-to-date: /home/ros/robot_manipulator/install/arm_urdf/share/arm_urdf/meshes/gripper_link.stl
[0.342s] -- Up-to-date: /home/ros/robot_manipulator/install/arm_urdf/share/arm_urdf/meshes/robot_shoulder.stl
[0.342s] -- Up-to-date: /home/ros/robot_manipulator/install/arm_urdf/share/arm_urdf/meshes/arm_2.stl
[0.342s] -- Up-to-date: /home/ros/robot_manipulator/install/arm_urdf/share/arm_urdf/meshes/gripper_base.stl
[0.342s] -- Up-to-date: /home/ros/robot_manipulator/install/arm_urdf/share/arm_urdf/meshes/arm_1.stl
[0.342s] -- Up-to-date: /home/ros/robot_manipulator/install/arm_urdf/share/arm_urdf/urdf
[0.345s] -- Up-to-date: /home/ros/robot_manipulator/install/arm_urdf/share/arm_urdf/urdf/common_properties.xacro
[0.345s] -- Up-to-date: /home/ros/robot_manipulator/install/arm_urdf/share/arm_urdf/urdf/robot_ros2_control.xacro
[0.347s] -- Up-to-date: /home/ros/robot_manipulator/install/arm_urdf/share/arm_urdf/urdf/robot_gazebo.xacro
[0.348s] -- Up-to-date: /home/ros/robot_manipulator/install/arm_urdf/share/arm_urdf/urdf/arm.urdf.xacro
[0.348s] -- Up-to-date: /home/ros/robot_manipulator/install/arm_urdf/share/arm_urdf/launch
[0.349s] -- Up-to-date: /home/ros/robot_manipulator/install/arm_urdf/share/arm_urdf/launch/model.launch.py
[0.349s] -- Up-to-date: /home/ros/robot_manipulator/install/arm_urdf/share/arm_urdf/launch/gazebo_servo.launch.py
[0.356s] -- Up-to-date: /home/ros/robot_manipulator/install/arm_urdf/share/arm_urdf/launch/build
[0.358s] -- Up-to-date: /home/ros/robot_manipulator/install/arm_urdf/share/arm_urdf/launch/build/COLCON_IGNORE
[0.358s] -- Up-to-date: /home/ros/robot_manipulator/install/arm_urdf/share/arm_urdf/launch/build/.built_by
[0.358s] -- Up-to-date: /home/ros/robot_manipulator/install/arm_urdf/share/arm_urdf/launch/log
[0.358s] -- Up-to-date: /home/ros/robot_manipulator/install/arm_urdf/share/arm_urdf/launch/log/COLCON_IGNORE
[0.358s] -- Up-to-date: /home/ros/robot_manipulator/install/arm_urdf/share/arm_urdf/launch/log/build_2025-03-05_13-58-10
[0.359s] -- Up-to-date: /home/ros/robot_manipulator/install/arm_urdf/share/arm_urdf/launch/log/build_2025-03-05_13-58-10/events.log
[0.359s] -- Up-to-date: /home/ros/robot_manipulator/install/arm_urdf/share/arm_urdf/launch/log/build_2025-03-05_13-58-10/logger_all.log
[0.359s] -- Up-to-date: /home/ros/robot_manipulator/install/arm_urdf/share/arm_urdf/launch/log/build_2025-03-05_13-58-23
[0.360s] -- Up-to-date: /home/ros/robot_manipulator/install/arm_urdf/share/arm_urdf/launch/log/build_2025-03-05_13-58-23/events.log
[0.360s] -- Up-to-date: /home/ros/robot_manipulator/install/arm_urdf/share/arm_urdf/launch/log/build_2025-03-05_13-58-23/logger_all.log
[0.360s] -- Up-to-date: /home/ros/robot_manipulator/install/arm_urdf/share/arm_urdf/launch/log/latest
[0.360s] -- Up-to-date: /home/ros/robot_manipulator/install/arm_urdf/share/arm_urdf/launch/log/build_2025-03-05_13-56-25
[0.360s] -- Up-to-date: /home/ros/robot_manipulator/install/arm_urdf/share/arm_urdf/launch/log/build_2025-03-05_13-56-25/events.log
[0.360s] -- Up-to-date: /home/ros/robot_manipulator/install/arm_urdf/share/arm_urdf/launch/log/build_2025-03-05_13-56-25/logger_all.log
[0.360s] -- Up-to-date: /home/ros/robot_manipulator/install/arm_urdf/share/arm_urdf/launch/log/latest_build
[0.360s] -- Up-to-date: /home/ros/robot_manipulator/install/arm_urdf/share/arm_urdf/launch/__pycache__
[0.361s] -- Up-to-date: /home/ros/robot_manipulator/install/arm_urdf/share/arm_urdf/launch/__pycache__/urdf.launch.cpython-310.pyc
[0.361s] -- Up-to-date: /home/ros/robot_manipulator/install/arm_urdf/share/arm_urdf/launch/__pycache__/gazebo.launch.cpython-310.pyc
[0.361s] -- Up-to-date: /home/ros/robot_manipulator/install/arm_urdf/share/arm_urdf/launch/install
[0.362s] -- Up-to-date: /home/ros/robot_manipulator/install/arm_urdf/share/arm_urdf/launch/install/COLCON_IGNORE
[0.362s] -- Up-to-date: /home/ros/robot_manipulator/install/arm_urdf/share/arm_urdf/launch/install/local_setup.bash
[0.362s] -- Up-to-date: /home/ros/robot_manipulator/install/arm_urdf/share/arm_urdf/launch/install/_local_setup_util_sh.py
[0.362s] -- Up-to-date: /home/ros/robot_manipulator/install/arm_urdf/share/arm_urdf/launch/install/setup.zsh
[0.362s] -- Up-to-date: /home/ros/robot_manipulator/install/arm_urdf/share/arm_urdf/launch/install/local_setup.sh
[0.362s] -- Up-to-date: /home/ros/robot_manipulator/install/arm_urdf/share/arm_urdf/launch/install/.colcon_install_layout
[0.362s] -- Up-to-date: /home/ros/robot_manipulator/install/arm_urdf/share/arm_urdf/launch/install/local_setup.ps1
[0.362s] -- Up-to-date: /home/ros/robot_manipulator/install/arm_urdf/share/arm_urdf/launch/install/setup.ps1
[0.362s] -- Up-to-date: /home/ros/robot_manipulator/install/arm_urdf/share/arm_urdf/launch/install/_local_setup_util_ps1.py
[0.362s] -- Up-to-date: /home/ros/robot_manipulator/install/arm_urdf/share/arm_urdf/launch/install/local_setup.zsh
[0.362s] -- Up-to-date: /home/ros/robot_manipulator/install/arm_urdf/share/arm_urdf/launch/install/setup.bash
[0.363s] -- Up-to-date: /home/ros/robot_manipulator/install/arm_urdf/share/arm_urdf/launch/install/setup.sh
[0.363s] -- Up-to-date: /home/ros/robot_manipulator/install/arm_urdf/share/ament_index/resource_index/package_run_dependencies/arm_urdf
[0.363s] -- Up-to-date: /home/ros/robot_manipulator/install/arm_urdf/share/ament_index/resource_index/parent_prefix_path/arm_urdf
[0.364s] -- Up-to-date: /home/ros/robot_manipulator/install/arm_urdf/share/arm_urdf/environment/ament_prefix_path.sh
[0.364s] -- Up-to-date: /home/ros/robot_manipulator/install/arm_urdf/share/arm_urdf/environment/ament_prefix_path.dsv
[0.364s] -- Up-to-date: /home/ros/robot_manipulator/install/arm_urdf/share/arm_urdf/environment/path.sh
[0.364s] -- Up-to-date: /home/ros/robot_manipulator/install/arm_urdf/share/arm_urdf/environment/path.dsv
[0.364s] -- Up-to-date: /home/ros/robot_manipulator/install/arm_urdf/share/arm_urdf/local_setup.bash
[0.365s] -- Up-to-date: /home/ros/robot_manipulator/install/arm_urdf/share/arm_urdf/local_setup.sh
[0.365s] -- Up-to-date: /home/ros/robot_manipulator/install/arm_urdf/share/arm_urdf/local_setup.zsh
[0.365s] -- Up-to-date: /home/ros/robot_manipulator/install/arm_urdf/share/arm_urdf/local_setup.dsv
[0.365s] -- Installing: /home/ros/robot_manipulator/install/arm_urdf/share/arm_urdf/package.dsv
[0.365s] -- Up-to-date: /home/ros/robot_manipulator/install/arm_urdf/share/ament_index/resource_index/packages/arm_urdf
[0.366s] -- Up-to-date: /home/ros/robot_manipulator/install/arm_urdf/share/arm_urdf/cmake/arm_urdfConfig.cmake
[0.366s] -- Up-to-date: /home/ros/robot_manipulator/install/arm_urdf/share/arm_urdf/cmake/arm_urdfConfig-version.cmake
[0.366s] -- Up-to-date: /home/ros/robot_manipulator/install/arm_urdf/share/arm_urdf/package.xml
[0.392s] Invoked command in '/home/ros/robot_manipulator/build/arm_urdf' returned '0': CMAKE_PREFIX_PATH=${CMAKE_PREFIX_PATH}:/opt/ros/humble HISTTIMEFORMAT=%F %T /usr/bin/cmake --install /home/ros/robot_manipulator/build/arm_urdf
